2023-02-13 14:22:53,733 INFO API.architecture.javaAPI.JavaApiApplication [restartedMain] Started JavaApiApplication in 3.188 seconds (JVM running for 4.356)
2023-02-13 14:23:57,121 INFO API.architecture.javaAPI.JavaApiApplication [restartedMain] Starting JavaApiApplication using Java 11.0.18 on juancajca with PID 11803 (/home/juancajca/Documents/UCB/Arquitectura/javaAPI/target/classes started by juancajca in /home/juancajca/Documents/UCB/Arquitectura/javaAPI)
2023-02-13 14:23:57,124 DEBUG API.architecture.javaAPI.JavaApiApplication [restartedMain] Running with Spring Boot v2.7.8, Spring v5.3.25
2023-02-13 14:23:57,125 INFO API.architecture.javaAPI.JavaApiApplication [restartedMain] No active profile set, falling back to 1 default profile: "default"
2023-02-13 14:23:59,232 INFO API.architecture.javaAPI.JavaApiApplication [restartedMain] Started JavaApiApplication in 2.743 seconds (JVM running for 3.813)
2023-02-13 14:24:01,561 INFO API.architecture.javaAPI.api.ExchangeAPI [http-nio-8080-exec-1] Exchange API working
2023-02-13 14:24:01,563 INFO API.architecture.javaAPI.bl.ExchangeBL [http-nio-8080-exec-1] Custom Exchange BL working
2023-02-13 14:24:19,392 INFO API.architecture.javaAPI.api.ExchangeAPI [http-nio-8080-exec-2] Exchange API working
2023-02-13 14:24:19,393 INFO API.architecture.javaAPI.bl.ExchangeBL [http-nio-8080-exec-2] Custom Exchange BL working
2023-02-13 14:24:59,064 INFO API.architecture.javaAPI.JavaApiApplication [restartedMain] Starting JavaApiApplication using Java 11.0.18 on juancajca with PID 11987 (/home/juancajca/Documents/UCB/Arquitectura/javaAPI/target/classes started by juancajca in /home/juancajca/Documents/UCB/Arquitectura/javaAPI)
2023-02-13 14:24:59,067 DEBUG API.architecture.javaAPI.JavaApiApplication [restartedMain] Running with Spring Boot v2.7.8, Spring v5.3.25
2023-02-13 14:24:59,068 INFO API.architecture.javaAPI.JavaApiApplication [restartedMain] No active profile set, falling back to 1 default profile: "default"
2023-02-13 14:25:01,225 INFO API.architecture.javaAPI.JavaApiApplication [restartedMain] Started JavaApiApplication in 2.806 seconds (JVM running for 3.831)
2023-02-13 14:25:02,825 INFO API.architecture.javaAPI.api.ExchangeAPI [http-nio-8080-exec-1] Exchange API working
2023-02-13 14:25:02,827 INFO API.architecture.javaAPI.bl.ExchangeBL [http-nio-8080-exec-1] Custom Exchange BL working
2023-02-13 14:25:21,849 INFO API.architecture.javaAPI.api.ExchangeAPI [http-nio-8080-exec-2] Exchange API working
2023-02-13 14:25:21,850 INFO API.architecture.javaAPI.bl.ExchangeBL [http-nio-8080-exec-2] Custom Exchange BL working
2023-02-13 14:25:41,910 INFO API.architecture.javaAPI.api.ExchangeAPI [http-nio-8080-exec-3] Exchange API working
2023-02-13 14:25:41,910 INFO API.architecture.javaAPI.bl.ExchangeBL [http-nio-8080-exec-3] Custom Exchange BL working
2023-02-13 14:25:43,742 ERROR org.apache.catalina.core.ContainerBase.[Tomcat].[localhost].[/].[dispatcherServlet] [http-nio-8080-exec-3] Servlet.service() for servlet [dispatcherServlet] in context with path [] threw exception [Request processing failed; nested exception is java.lang.NullPointerException] with root cause
java.lang.NullPointerException: null
	at API.architecture.javaAPI.bl.ExchangeBL.getCustomExchange(ExchangeBL.java:46)
	at API.architecture.javaAPI.api.ExchangeAPI.getExchange(ExchangeAPI.java:41)
	at java.base/jdk.internal.reflect.NativeMethodAccessorImpl.invoke0(Native Method)
	at java.base/jdk.internal.reflect.NativeMethodAccessorImpl.invoke(NativeMethodAccessorImpl.java:62)
	at java.base/jdk.internal.reflect.DelegatingMethodAccessorImpl.invoke(DelegatingMethodAccessorImpl.java:43)
	at java.base/java.lang.reflect.Method.invoke(Method.java:566)
	at org.springframework.web.method.support.InvocableHandlerMethod.doInvoke(InvocableHandlerMethod.java:205)
	at org.springframework.web.method.support.InvocableHandlerMethod.invokeForRequest(InvocableHandlerMethod.java:150)
	at org.springframework.web.servlet.mvc.method.annotation.ServletInvocableHandlerMethod.invokeAndHandle(ServletInvocableHandlerMethod.java:117)
	at org.springframework.web.servlet.mvc.method.annotation.RequestMappingHandlerAdapter.invokeHandlerMethod(RequestMappingHandlerAdapter.java:895)
	at org.springframework.web.servlet.mvc.method.annotation.RequestMappingHandlerAdapter.handleInternal(RequestMappingHandlerAdapter.java:808)
	at org.springframework.web.servlet.mvc.method.AbstractHandlerMethodAdapter.handle(AbstractHandlerMethodAdapter.java:87)
	at org.springframework.web.servlet.DispatcherServlet.doDispatch(DispatcherServlet.java:1071)
	at org.springframework.web.servlet.DispatcherServlet.doService(DispatcherServlet.java:964)
	at org.springframework.web.servlet.FrameworkServlet.processRequest(FrameworkServlet.java:1006)
	at org.springframework.web.servlet.FrameworkServlet.doGet(FrameworkServlet.java:898)
	at javax.servlet.http.HttpServlet.service(HttpServlet.java:670)
	at org.springframework.web.servlet.FrameworkServlet.service(FrameworkServlet.java:883)
	at javax.servlet.http.HttpServlet.service(HttpServlet.java:779)
	at org.apache.catalina.core.ApplicationFilterChain.internalDoFilter(ApplicationFilterChain.java:227)
	at org.apache.catalina.core.ApplicationFilterChain.doFilter(ApplicationFilterChain.java:162)
	at org.apache.tomcat.websocket.server.WsFilter.doFilter(WsFilter.java:53)
	at org.apache.catalina.core.ApplicationFilterChain.internalDoFilter(ApplicationFilterChain.java:189)
	at org.apache.catalina.core.ApplicationFilterChain.doFilter(ApplicationFilterChain.java:162)
	at org.springframework.web.filter.RequestContextFilter.doFilterInternal(RequestContextFilter.java:100)
	at org.springframework.web.filter.OncePerRequestFilter.doFilter(OncePerRequestFilter.java:117)
	at org.apache.catalina.core.ApplicationFilterChain.internalDoFilter(ApplicationFilterChain.java:189)
	at org.apache.catalina.core.ApplicationFilterChain.doFilter(ApplicationFilterChain.java:162)
	at org.springframework.web.filter.FormContentFilter.doFilterInternal(FormContentFilter.java:93)
	at org.springframework.web.filter.OncePerRequestFilter.doFilter(OncePerRequestFilter.java:117)
	at org.apache.catalina.core.ApplicationFilterChain.internalDoFilter(ApplicationFilterChain.java:189)
	at org.apache.catalina.core.ApplicationFilterChain.doFilter(ApplicationFilterChain.java:162)
	at org.springframework.web.filter.CharacterEncodingFilter.doFilterInternal(CharacterEncodingFilter.java:201)
	at org.springframework.web.filter.OncePerRequestFilter.doFilter(OncePerRequestFilter.java:117)
	at org.apache.catalina.core.ApplicationFilterChain.internalDoFilter(ApplicationFilterChain.java:189)
	at org.apache.catalina.core.ApplicationFilterChain.doFilter(ApplicationFilterChain.java:162)
	at org.apache.catalina.core.StandardWrapperValve.invoke(StandardWrapperValve.java:177)
	at org.apache.catalina.core.StandardContextValve.invoke(StandardContextValve.java:97)
	at org.apache.catalina.authenticator.AuthenticatorBase.invoke(AuthenticatorBase.java:541)
	at org.apache.catalina.core.StandardHostValve.invoke(StandardHostValve.java:135)
	at org.apache.catalina.valves.ErrorReportValve.invoke(ErrorReportValve.java:92)
	at org.apache.catalina.core.StandardEngineValve.invoke(StandardEngineValve.java:78)
	at org.apache.catalina.connector.CoyoteAdapter.service(CoyoteAdapter.java:360)
	at org.apache.coyote.http11.Http11Processor.service(Http11Processor.java:399)
	at org.apache.coyote.AbstractProcessorLight.process(AbstractProcessorLight.java:65)
	at org.apache.coyote.AbstractProtocol$ConnectionHandler.process(AbstractProtocol.java:891)
	at org.apache.tomcat.util.net.NioEndpoint$SocketProcessor.doRun(NioEndpoint.java:1784)
	at org.apache.tomcat.util.net.SocketProcessorBase.run(SocketProcessorBase.java:49)
	at org.apache.tomcat.util.threads.ThreadPoolExecutor.runWorker(ThreadPoolExecutor.java:1191)
	at org.apache.tomcat.util.threads.ThreadPoolExecutor$Worker.run(ThreadPoolExecutor.java:659)
	at org.apache.tomcat.util.threads.TaskThread$WrappingRunnable.run(TaskThread.java:61)
	at java.base/java.lang.Thread.run(Thread.java:829)
