2023-02-13 01:38:00,121 INFO API.architecture.javaAPI.JavaApiApplication [restartedMain] Started JavaApiApplication in 2.763 seconds (JVM running for 3.845)
2023-02-13 01:38:03,089 INFO API.architecture.javaAPI.api.ExchangeAPI [http-nio-8080-exec-2] Exchange API working
2023-02-13 01:38:03,091 INFO API.architecture.javaAPI.bl.ExchangeBL [http-nio-8080-exec-2] Custom Exchange BL working
2023-02-13 01:43:06,458 INFO API.architecture.javaAPI.JavaApiApplication [restartedMain] Starting JavaApiApplication using Java 11.0.18 on juancajca with PID 21448 (/home/juancajca/Documents/UCB/Arquitectura/javaAPI/target/classes started by juancajca in /home/juancajca/Documents/UCB/Arquitectura/javaAPI)
2023-02-13 01:43:06,462 DEBUG API.architecture.javaAPI.JavaApiApplication [restartedMain] Running with Spring Boot v2.7.8, Spring v5.3.25
2023-02-13 01:43:06,463 INFO API.architecture.javaAPI.JavaApiApplication [restartedMain] No active profile set, falling back to 1 default profile: "default"
2023-02-13 01:43:08,619 INFO API.architecture.javaAPI.JavaApiApplication [restartedMain] Started JavaApiApplication in 2.654 seconds (JVM running for 3.831)
2023-02-13 01:43:10,075 INFO API.architecture.javaAPI.api.ExchangeAPI [http-nio-8080-exec-1] Exchange API working
2023-02-13 01:43:10,076 INFO API.architecture.javaAPI.bl.ExchangeBL [http-nio-8080-exec-1] Custom Exchange BL working
2023-02-13 01:43:11,684 ERROR org.apache.catalina.core.ContainerBase.[Tomcat].[localhost].[/].[dispatcherServlet] [http-nio-8080-exec-1] Servlet.service() for servlet [dispatcherServlet] in context with path [] threw exception [Request processing failed; nested exception is java.lang.RuntimeException: com.fasterxml.jackson.databind.exc.UnrecognizedPropertyException: Unrecognized field "success" (class API.architecture.javaAPI.models.Exchange), not marked as ignorable (3 known properties: "amount", "from", "to"])
 at [Source: (String)"{
    "success": true,
    "query": {
        "from": "GBP",
        "to": "EUR",
        "amount": 5
    },
    "info": {
        "timestamp": 1676266983,
        "rate": 1.129296
    },
    "date": "2023-02-13",
    "result": 5.64648
}
"; line: 2, column: 20] (through reference chain: API.architecture.javaAPI.models.Exchange["success"])] with root cause
com.fasterxml.jackson.databind.exc.UnrecognizedPropertyException: Unrecognized field "success" (class API.architecture.javaAPI.models.Exchange), not marked as ignorable (3 known properties: "amount", "from", "to"])
 at [Source: (String)"{
    "success": true,
    "query": {
        "from": "GBP",
        "to": "EUR",
        "amount": 5
    },
    "info": {
        "timestamp": 1676266983,
        "rate": 1.129296
    },
    "date": "2023-02-13",
    "result": 5.64648
}
"; line: 2, column: 20] (through reference chain: API.architecture.javaAPI.models.Exchange["success"])
	at com.fasterxml.jackson.databind.exc.UnrecognizedPropertyException.from(UnrecognizedPropertyException.java:61)
	at com.fasterxml.jackson.databind.DeserializationContext.handleUnknownProperty(DeserializationContext.java:1127)
	at com.fasterxml.jackson.databind.deser.std.StdDeserializer.handleUnknownProperty(StdDeserializer.java:2023)
	at com.fasterxml.jackson.databind.deser.BeanDeserializerBase.handleUnknownProperty(BeanDeserializerBase.java:1700)
	at com.fasterxml.jackson.databind.deser.BeanDeserializerBase.handleUnknownVanilla(BeanDeserializerBase.java:1678)
	at com.fasterxml.jackson.databind.deser.BeanDeserializer.vanillaDeserialize(BeanDeserializer.java:319)
	at com.fasterxml.jackson.databind.deser.BeanDeserializer.deserialize(BeanDeserializer.java:176)
	at com.fasterxml.jackson.databind.deser.DefaultDeserializationContext.readRootValue(DefaultDeserializationContext.java:323)
	at com.fasterxml.jackson.databind.ObjectMapper._readMapAndClose(ObjectMapper.java:4674)
	at com.fasterxml.jackson.databind.ObjectMapper.readValue(ObjectMapper.java:3629)
	at com.fasterxml.jackson.databind.ObjectMapper.readValue(ObjectMapper.java:3597)
	at API.architecture.javaAPI.bl.ExchangeBL.getCustomExchange(ExchangeBL.java:37)
	at API.architecture.javaAPI.api.ExchangeAPI.getExchange(ExchangeAPI.java:38)
	at java.base/jdk.internal.reflect.NativeMethodAccessorImpl.invoke0(Native Method)
	at java.base/jdk.internal.reflect.NativeMethodAccessorImpl.invoke(NativeMethodAccessorImpl.java:62)
	at java.base/jdk.internal.reflect.DelegatingMethodAccessorImpl.invoke(DelegatingMethodAccessorImpl.java:43)
	at java.base/java.lang.reflect.Method.invoke(Method.java:566)
	at org.springframework.web.method.support.InvocableHandlerMethod.doInvoke(InvocableHandlerMethod.java:205)
	at org.springframework.web.method.support.InvocableHandlerMethod.invokeForRequest(InvocableHandlerMethod.java:150)
	at org.springframework.web.servlet.mvc.method.annotation.ServletInvocableHandlerMethod.invokeAndHandle(ServletInvocableHandlerMethod.java:117)
	at org.springframework.web.servlet.mvc.method.annotation.RequestMappingHandlerAdapter.invokeHandlerMethod(RequestMappingHandlerAdapter.java:895)
	at org.springframework.web.servlet.mvc.method.annotation.RequestMappingHandlerAdapter.handleInternal(RequestMappingHandlerAdapter.java:808)
	at org.springframework.web.servlet.mvc.method.AbstractHandlerMethodAdapter.handle(AbstractHandlerMethodAdapter.java:87)
	at org.springframework.web.servlet.DispatcherServlet.doDispatch(DispatcherServlet.java:1071)
	at org.springframework.web.servlet.DispatcherServlet.doService(DispatcherServlet.java:964)
	at org.springframework.web.servlet.FrameworkServlet.processRequest(FrameworkServlet.java:1006)
	at org.springframework.web.servlet.FrameworkServlet.doGet(FrameworkServlet.java:898)
	at javax.servlet.http.HttpServlet.service(HttpServlet.java:670)
	at org.springframework.web.servlet.FrameworkServlet.service(FrameworkServlet.java:883)
	at javax.servlet.http.HttpServlet.service(HttpServlet.java:779)
	at org.apache.catalina.core.ApplicationFilterChain.internalDoFilter(ApplicationFilterChain.java:227)
	at org.apache.catalina.core.ApplicationFilterChain.doFilter(ApplicationFilterChain.java:162)
	at org.apache.tomcat.websocket.server.WsFilter.doFilter(WsFilter.java:53)
	at org.apache.catalina.core.ApplicationFilterChain.internalDoFilter(ApplicationFilterChain.java:189)
	at org.apache.catalina.core.ApplicationFilterChain.doFilter(ApplicationFilterChain.java:162)
	at org.springframework.web.filter.RequestContextFilter.doFilterInternal(RequestContextFilter.java:100)
	at org.springframework.web.filter.OncePerRequestFilter.doFilter(OncePerRequestFilter.java:117)
	at org.apache.catalina.core.ApplicationFilterChain.internalDoFilter(ApplicationFilterChain.java:189)
	at org.apache.catalina.core.ApplicationFilterChain.doFilter(ApplicationFilterChain.java:162)
	at org.springframework.web.filter.FormContentFilter.doFilterInternal(FormContentFilter.java:93)
	at org.springframework.web.filter.OncePerRequestFilter.doFilter(OncePerRequestFilter.java:117)
	at org.apache.catalina.core.ApplicationFilterChain.internalDoFilter(ApplicationFilterChain.java:189)
	at org.apache.catalina.core.ApplicationFilterChain.doFilter(ApplicationFilterChain.java:162)
	at org.springframework.web.filter.CharacterEncodingFilter.doFilterInternal(CharacterEncodingFilter.java:201)
	at org.springframework.web.filter.OncePerRequestFilter.doFilter(OncePerRequestFilter.java:117)
	at org.apache.catalina.core.ApplicationFilterChain.internalDoFilter(ApplicationFilterChain.java:189)
	at org.apache.catalina.core.ApplicationFilterChain.doFilter(ApplicationFilterChain.java:162)
	at org.apache.catalina.core.StandardWrapperValve.invoke(StandardWrapperValve.java:177)
	at org.apache.catalina.core.StandardContextValve.invoke(StandardContextValve.java:97)
	at org.apache.catalina.authenticator.AuthenticatorBase.invoke(AuthenticatorBase.java:541)
	at org.apache.catalina.core.StandardHostValve.invoke(StandardHostValve.java:135)
	at org.apache.catalina.valves.ErrorReportValve.invoke(ErrorReportValve.java:92)
	at org.apache.catalina.core.StandardEngineValve.invoke(StandardEngineValve.java:78)
	at org.apache.catalina.connector.CoyoteAdapter.service(CoyoteAdapter.java:360)
	at org.apache.coyote.http11.Http11Processor.service(Http11Processor.java:399)
	at org.apache.coyote.AbstractProcessorLight.process(AbstractProcessorLight.java:65)
	at org.apache.coyote.AbstractProtocol$ConnectionHandler.process(AbstractProtocol.java:891)
	at org.apache.tomcat.util.net.NioEndpoint$SocketProcessor.doRun(NioEndpoint.java:1784)
	at org.apache.tomcat.util.net.SocketProcessorBase.run(SocketProcessorBase.java:49)
	at org.apache.tomcat.util.threads.ThreadPoolExecutor.runWorker(ThreadPoolExecutor.java:1191)
	at org.apache.tomcat.util.threads.ThreadPoolExecutor$Worker.run(ThreadPoolExecutor.java:659)
	at org.apache.tomcat.util.threads.TaskThread$WrappingRunnable.run(TaskThread.java:61)
	at java.base/java.lang.Thread.run(Thread.java:829)
2023-02-13 01:43:59,830 INFO API.architecture.javaAPI.JavaApiApplication [restartedMain] Starting JavaApiApplication using Java 11.0.18 on juancajca with PID 21595 (/home/juancajca/Documents/UCB/Arquitectura/javaAPI/target/classes started by juancajca in /home/juancajca/Documents/UCB/Arquitectura/javaAPI)
2023-02-13 01:43:59,833 DEBUG API.architecture.javaAPI.JavaApiApplication [restartedMain] Running with Spring Boot v2.7.8, Spring v5.3.25
2023-02-13 01:43:59,834 INFO API.architecture.javaAPI.JavaApiApplication [restartedMain] No active profile set, falling back to 1 default profile: "default"
